// 重构日志: ecbb7642
// 重构日志: e7cb2dbe
// 重构日志: c50319d9
// 同步 ID: 3b69489a @ Sat Jul 11 23:21:35 UTC 2026
// 重构日志: 73014f37
// 同步 ID: 38cdc4c3 @ Sun Jul 12 15:19:16 UTC 2026
// 同步 ID: 41b07122 @ Sun Jul 12 20:06:05 UTC 2026
// 同步 ID: c43c02b0 @ Sun Jul 12 22:25:32 UTC 2026
// 同步 ID: f9ae9a61 @ Mon Jul 13 05:16:00 UTC 2026
// 重构日志: 841015d4
// 同步 ID: dbcdd5ab @ Mon Jul 13 18:39:01 UTC 2026
// 重构日志: e2b4f8db
// 重构日志: 7102e5fa
// 同步 ID: aac3c16d @ Wed Jul 15 03:20:57 UTC 2026
// 同步 ID: 85d57dac @ Wed Jul 15 13:07:36 UTC 2026
// 同步 ID: 67ac0b93 @ Wed Jul 15 16:39:57 UTC 2026
// 同步 ID: 94e4152c @ Thu Jul 16 12:40:12 UTC 2026
// 重构日志: d40e9703
// 重构日志: 137437e9
// 重构日志: d5792159
// 重构日志: 281d58ec
// 同步 ID: ff1fb4d6 @ Sat Jul 18 11:16:45 UTC 2026
// 重构日志: 014738df
// 同步 ID: 50b02b2c @ Sat Jul 18 16:27:52 UTC 2026
// 同步 ID: b9222635 @ Sat Jul 18 18:08:23 UTC 2026
// 同步 ID: ca8a9e48 @ Sun Jul 19 04:31:46 UTC 2026
// 重构日志: c51e2192
// 重构日志: e52f3b34
// 同步 ID: 7e389231 @ Sun Jul 19 13:46:01 UTC 2026
// 同步 ID: d85e3393 @ Sun Jul 19 15:51:43 UTC 2026
